2018-08-20 17:06:26.482[main] DEBUG com.imooc.o2o.dao.AreaDao.queryArea - ==>  Preparing: SELECT area_id, area_name, priority, create_time, last_edit_time FROM tb_area ORDER BY priority DESC 
2018-08-20 17:06:26.506[main] DEBUG com.imooc.o2o.dao.AreaDao.queryArea - ==> Parameters: 
2018-08-20 17:06:26.528[main] DEBUG com.imooc.o2o.dao.AreaDao.queryArea - <==      Total: 2
2018-08-20 17:10:21.549[main] DEBUG com.imooc.o2o.dao.ShopDao.insertShop - ==>  Preparing: insert into tb_shop (shop_name, shop_desc, shop_addr, phone, shop_img, create_time, last_edit_time, advice, area_id, owner_id, shop_category_id, enable_status, advice, shop_img, priority) values (?, ?, ?, ?, ?, ?, ?, ?, ?, ?, ?, ?, ?, ?, ?) 
2018-08-20 17:11:15.085[main] DEBUG com.imooc.o2o.dao.ShopDao.insertShop - ==>  Preparing: insert into tb_shop (shop_name, shop_desc, shop_addr, phone, shop_img, create_time, last_edit_time, advice, area_id, owner_id, shop_category_id, enable_status, advice, shop_img, priority) values (?, ?, ?, ?, ?, ?, ?, ?, ?, ?, ?, ?, ?, ?, ?) 
2018-08-20 17:14:31.434[main] DEBUG com.imooc.o2o.dao.ShopDao.insertShop - ==>  Preparing: insert into tb_shop (shop_name, shop_desc, shop_addr, phone, shop_img, create_time, last_edit_time, advice, area_id, owner_id, shop_category_id, enable_status, advice, shop_img, priority) values (?, ?, ?, ?, ?, ?, ?, ?, ?, ?, ?, ?, ?, ?, ?) 
2018-08-20 17:14:31.465[main] DEBUG com.imooc.o2o.dao.ShopDao.insertShop - ==> Parameters: 测试店铺(String), 测试(String), test(String), test(String), test(String), 2018-08-20 17:14:31.168(Timestamp), null, 审核中(String), 1(Integer), 1(Long), 1(Long), 1(Integer), 审核中(String), test(String), null
2018-08-20 17:15:35.131[main] DEBUG com.imooc.o2o.dao.ShopDao.insertShop - ==>  Preparing: insert into tb_shop (shop_name, shop_desc, shop_addr, phone, shop_img, create_time, last_edit_time, advice, area_id, owner_id, shop_category_id, enable_status, advice, priority) values (?, ?, ?, ?, ?, ?, ?, ?, ?, ?, ?, ?, ?, ?) 
2018-08-20 17:15:35.161[main] DEBUG com.imooc.o2o.dao.ShopDao.insertShop - ==> Parameters: 测试店铺(String), 测试(String), test(String), test(String), test(String), 2018-08-20 17:15:34.852(Timestamp), null, 审核中(String), 1(Integer), 1(Long), 1(Long), 1(Integer), 审核中(String), null
2018-08-20 17:16:47.148[main] DEBUG com.imooc.o2o.dao.ShopDao.insertShop - ==>  Preparing: insert into tb_shop (shop_name, shop_desc, shop_addr, phone, shop_img, create_time, last_edit_time, advice, area_id, owner_id, shop_category_id, enable_status, priority) values (?, ?, ?, ?, ?, ?, ?, ?, ?, ?, ?, ?, ?) 
2018-08-20 17:16:47.180[main] DEBUG com.imooc.o2o.dao.ShopDao.insertShop - ==> Parameters: 测试店铺(String), 测试(String), test(String), test(String), test(String), 2018-08-20 17:16:46.88(Timestamp), null, 审核中(String), 1(Integer), 1(Long), 1(Long), 1(Integer), null
2018-08-20 17:16:47.208[main] DEBUG com.imooc.o2o.dao.ShopDao.insertShop - <==    Updates: 1
2018-08-20 17:18:44.834[main] DEBUG com.imooc.o2o.dao.ShopDao.insertShop - ==>  Preparing: insert into tb_shop (shop_name, shop_desc, shop_addr, phone, shop_img, create_time, last_edit_time, advice, area_id, owner_id, shop_category_id, enable_status, priority) values (?, ?, ?, ?, ?, ?, ?, ?, ?, ?, ?, ?, ?) 
2018-08-20 17:18:44.866[main] DEBUG com.imooc.o2o.dao.ShopDao.insertShop - ==> Parameters: 测试店铺1(String), 测试1(String), test(String), test(String), test(String), 2018-08-20 17:18:44.573(Timestamp), null, 审核中(String), 1(Integer), 1(Long), 1(Long), 1(Integer), null
2018-08-20 17:19:41.477[main] DEBUG com.imooc.o2o.dao.ShopDao.insertShop - ==>  Preparing: insert into tb_shop (shop_name, shop_desc, shop_addr, phone, shop_img, create_time, last_edit_time, advice, area_id, owner_id, shop_category_id, enable_status, priority) values (?, ?, ?, ?, ?, ?, ?, ?, ?, ?, ?, ?, ?) 
2018-08-20 17:19:41.506[main] DEBUG com.imooc.o2o.dao.ShopDao.insertShop - ==> Parameters: 测试店铺1(String), 测试1(String), test(String), test(String), test(String), 2018-08-20 17:19:41.212(Timestamp), null, 审核中(String), 1(Integer), 1(Long), 1(Long), 1(Integer), 1(Integer)
2018-08-20 17:19:41.549[main] DEBUG com.imooc.o2o.dao.ShopDao.insertShop - <==    Updates: 1
2018-08-20 17:31:27.239[main] DEBUG com.imooc.o2o.dao.ShopDao.updateShop - ==>  Preparing: update tb_shop SET shop_name = ?, shop_desc = ?, shop_addr = ?, phone = ?, shop_img = ?, priority = ?, last_edit_time = ?, enable_status = ?, advice = ?, shop_category_id = ?, area_id = ? where shop_id = ? 
2018-08-20 17:32:31.746[main] DEBUG com.imooc.o2o.dao.ShopDao.updateShop - ==>  Preparing: update tb_shop SET shop_name = ?, shop_desc = ?, shop_addr = ?, phone = ?, shop_img = ?, priority = ?, last_edit_time = ?, enable_status = ?, advice = ?, shop_category_id = ?, area_id = ? where shop_id = ? 
2018-08-20 17:32:31.774[main] DEBUG com.imooc.o2o.dao.ShopDao.updateShop - ==> Parameters: 测试店铺1(String), 测试1(String), 测试地址(String), 测试电话(String), 测试图片(String), 100(Integer), 2018-08-20 17:32:31.436(Timestamp), 1(Integer), 审核通过(String), 1(Long), 1(Integer), 2(Long)
2018-08-20 17:32:31.805[main] DEBUG com.imooc.o2o.dao.ShopDao.updateShop - <==    Updates: 1
